app/build/intermediates/manifest_merge_blame_file/release/manifest-merger-blame-release-report.txt
1<?xml version="1.0" encoding="utf-8"?>
2<manifest xmlns:android="http://schemas.android.com/apk/res/android"
3    package="org.freesong"
4    android:versionCode="14"
5    android:versionName="1.13.0" >
6
7    <uses-sdk
8        android:minSdkVersion="19"
9        android:targetSdkVersion="19" />
10
11    <uses-permission android:name="android.permission.READ_EXTERNAL_STORAGE" />
11-->src/main/AndroidManifest.xml:4:5-80
11-->src/main/AndroidManifest.xml:4:22-77
12    <uses-permission android:name="android.permission.WRITE_EXTERNAL_STORAGE" />
12-->src/main/AndroidManifest.xml:5:5-81
12-->src/main/AndroidManifest.xml:5:22-78
13    <uses-permission android:name="android.permission.INTERNET" />
13-->src/main/AndroidManifest.xml:6:5-67
13-->src/main/AndroidManifest.xml:6:22-64
14
15    <application
15-->src/main/AndroidManifest.xml:8:5-61:19
16        android:allowBackup="true"
16-->src/main/AndroidManifest.xml:9:9-35
17        android:icon="@drawable/ic_launcher"
17-->src/main/AndroidManifest.xml:10:9-45
18        android:label="@string/app_name"
18-->src/main/AndroidManifest.xml:11:9-41
19        android:theme="@style/AppTheme_Light" >
19-->src/main/AndroidManifest.xml:12:9-46
20        <activity
20-->src/main/AndroidManifest.xml:14:9-30:20
21            android:name="org.freesong.MainActivity"
21-->src/main/AndroidManifest.xml:15:13-41
22            android:exported="true"
22-->src/main/AndroidManifest.xml:17:13-36
23            android:label="@string/app_name" >
23-->src/main/AndroidManifest.xml:16:13-45
24            <intent-filter>
24-->src/main/AndroidManifest.xml:18:13-21:29
25                <action android:name="android.intent.action.MAIN" />
25-->src/main/AndroidManifest.xml:19:17-69
25-->src/main/AndroidManifest.xml:19:25-66
26
27                <category android:name="android.intent.category.LAUNCHER" />
27-->src/main/AndroidManifest.xml:20:17-77
27-->src/main/AndroidManifest.xml:20:27-74
28            </intent-filter>
29            <intent-filter>
29-->src/main/AndroidManifest.xml:22:13-29:29
30                <action android:name="android.intent.action.VIEW" />
30-->src/main/AndroidManifest.xml:23:17-69
30-->src/main/AndroidManifest.xml:23:25-66
31
32                <category android:name="android.intent.category.DEFAULT" />
32-->src/main/AndroidManifest.xml:24:17-76
32-->src/main/AndroidManifest.xml:24:27-73
33
34                <data android:mimeType="text/*" />
34-->src/main/AndroidManifest.xml:25:17-51
34-->src/main/AndroidManifest.xml:25:23-48
35                <data android:pathPattern=".*\\.onsong" />
35-->src/main/AndroidManifest.xml:25:17-51
35-->src/main/AndroidManifest.xml:26:23-56
36                <data android:pathPattern=".*\\.chordpro" />
36-->src/main/AndroidManifest.xml:25:17-51
36-->src/main/AndroidManifest.xml:26:23-56
37                <data android:pathPattern=".*\\.cho" />
37-->src/main/AndroidManifest.xml:25:17-51
37-->src/main/AndroidManifest.xml:26:23-56
38            </intent-filter>
39        </activity>
40        <activity
40-->src/main/AndroidManifest.xml:32:9-35:64
41            android:name="org.freesong.SongViewActivity"
41-->src/main/AndroidManifest.xml:33:13-45
42            android:label="@string/app_name"
42-->src/main/AndroidManifest.xml:34:13-45
43            android:theme="@style/AppTheme_Light_Fullscreen" />
43-->src/main/AndroidManifest.xml:35:13-61
44        <activity
44-->src/main/AndroidManifest.xml:37:9-39:40
45            android:name="org.freesong.SetListsActivity"
45-->src/main/AndroidManifest.xml:38:13-45
46            android:label="Setlists" />
46-->src/main/AndroidManifest.xml:39:13-37
47        <activity
47-->src/main/AndroidManifest.xml:41:9-43:39
48            android:name="org.freesong.SetListViewActivity"
48-->src/main/AndroidManifest.xml:42:13-48
49            android:label="Setlist" />
49-->src/main/AndroidManifest.xml:43:13-36
50        <activity
50-->src/main/AndroidManifest.xml:45:9-47:41
51            android:name="org.freesong.SongPickerActivity"
51-->src/main/AndroidManifest.xml:46:13-47
52            android:label="Add Songs" />
52-->src/main/AndroidManifest.xml:47:13-38
53        <activity
53-->src/main/AndroidManifest.xml:49:9-51:38
54            android:name="org.freesong.FileBrowserActivity"
54-->src/main/AndroidManifest.xml:50:13-48
55            android:label="Import" />
55-->src/main/AndroidManifest.xml:51:13-35
56        <activity
56-->src/main/AndroidManifest.xml:53:9-55:41
57            android:name="org.freesong.SongEditActivity"
57-->src/main/AndroidManifest.xml:54:13-45
58            android:label="Edit Song" />
58-->src/main/AndroidManifest.xml:55:13-38
59        <activity
59-->src/main/AndroidManifest.xml:57:9-59:43
60            android:name="org.freesong.GitHubSettingsActivity"
60-->src/main/AndroidManifest.xml:58:13-51
61            android:label="GitHub Sync" />
61-->src/main/AndroidManifest.xml:59:13-40
62    </application>
63
64</manifest>